<?xml version="1.0" encoding="UTF-8"?>
<testsuite name="AuthorTest" tests="6" skipped="0" failures="0" errors="0" timestamp="2015-09-02T20:49:59" hostname="epicodus-111.local" time="0.11">
  <properties/>
  <testcase name="update_AuthorName" classname="AuthorTest" time="0.048"/>
  <testcase name="getId_returnsIdAfterSave" classname="AuthorTest" time="0.016"/>
  <testcase name="delete_FromDatabase_true" classname="AuthorTest" time="0.022"/>
  <testcase name="all_EmptyAtFirst" classname="AuthorTest" time="0.012"/>
  <testcase name="getName_returnName" classname="AuthorTest" time="0.005"/>
  <testcase name="equals_returnsTrueWhenParamsMatch" classname="AuthorTest" time="0.006"/>
  <system-out><![CDATA[]]></system-out>
  <system-err><![CDATA[]]></system-err>
</testsuite>
