<?xml version="1.0" encoding="UTF-8"?>
<testsuite name="BookTest" tests="5" skipped="0" failures="0" errors="0" timestamp="2015-09-02T20:49:59" hostname="epicodus-111.local" time="0.071">
  <properties/>
  <testcase name="getId_returnsIdAfterSave" classname="BookTest" time="0.017"/>
  <testcase name="update_Books" classname="BookTest" time="0.019"/>
  <testcase name="all_emptyAtFirst" classname="BookTest" time="0.009"/>
  <testcase name="delete_FromDatabase_true" classname="BookTest" time="0.017"/>
  <testcase name="equals_returnsTrueWhenParamsMatch" classname="BookTest" time="0.007"/>
  <system-out><![CDATA[]]></system-out>
  <system-err><![CDATA[]]></system-err>
</testsuite>
