<?xml version="1.0" encoding="UTF-8"?>
<testsuite name="BookTest" tests="5" skipped="0" failures="0" errors="0" timestamp="2015-09-02T18:30:16" hostname="epicodus-111.local" time="0.069">
  <properties/>
  <testcase name="getId_returnsIdAfterSave" classname="BookTest" time="0.016"/>
  <testcase name="update_Books" classname="BookTest" time="0.019"/>
  <testcase name="all_emptyAtFirst" classname="BookTest" time="0.01"/>
  <testcase name="delete_FromDatabase_true" classname="BookTest" time="0.018"/>
  <testcase name="equals_returnsTrueWhenParamsMatch" classname="BookTest" time="0.005"/>
  <system-out><![CDATA[]]></system-out>
  <system-err><![CDATA[]]></system-err>
</testsuite>
