<?xml version="1.0" encoding="UTF-8"?>
<testsuite name="BookTest" tests="1" skipped="0" failures="0" errors="0" timestamp="2015-09-02T16:56:56" hostname="epicodus-111.local" time="0.008">
  <properties/>
  <testcase name="methodName_testDescription_expectedOutcome" classname="BookTest" time="0.008"/>
  <system-out><![CDATA[]]></system-out>
  <system-err><![CDATA[]]></system-err>
</testsuite>
