<?xml version="1.0" encoding="UTF-8"?>
<testsuite name="AppIntegrationTest" tests="1" skipped="0" failures="0" errors="0" timestamp="2015-09-02T20:49:58" hostname="epicodus-111.local" time="0.165">
  <properties/>
  <testcase name="rootTest" classname="AppIntegrationTest" time="0.165"/>
  <system-out><![CDATA[]]></system-out>
  <system-err><![CDATA[]]></system-err>
</testsuite>
